<?xml version="1.0" encoding="UTF-8"?>
<testsuite xmlns:xsi="http://www.w3.org/2001/XMLSchema-instance" xsi:noNamespaceSchemaLocation="https://maven.apache.org/surefire/maven-surefire-plugin/xsd/surefire-test-report.xsd" name="TestSuite" time="3.294" tests="17" errors="0" skipped="0" failures="3">
  <properties>
    <property name="sun.desktop" value="windows"/>
    <property name="awt.toolkit" value="sun.awt.windows.WToolkit"/>
    <property name="file.encoding.pkg" value="sun.io"/>
    <property name="java.specification.version" value="1.8"/>
    <property name="sun.cpu.isalist" value="amd64"/>
    <property name="sun.jnu.encoding" value="Cp1252"/>
    <property name="java.class.path" value="C:\Users\aotulana\repos\differ-regression-assignment\target\test-classes;C:\Users\aotulana\repos\differ-regression-assignment\target\classes;C:\Users\aotulana\.m2\repository\io\rest-assured\rest-assured\3.1.0\rest-assured-3.1.0.jar;C:\Users\aotulana\.m2\repository\org\codehaus\groovy\groovy\2.4.12\groovy-2.4.12.jar;C:\Users\aotulana\.m2\repository\org\codehaus\groovy\groovy-xml\2.4.12\groovy-xml-2.4.12.jar;C:\Users\aotulana\.m2\repository\org\apache\httpcomponents\httpclient\4.5.3\httpclient-4.5.3.jar;C:\Users\aotulana\.m2\repository\org\apache\httpcomponents\httpcore\4.4.6\httpcore-4.4.6.jar;C:\Users\aotulana\.m2\repository\commons-logging\commons-logging\1.2\commons-logging-1.2.jar;C:\Users\aotulana\.m2\repository\commons-codec\commons-codec\1.9\commons-codec-1.9.jar;C:\Users\aotulana\.m2\repository\org\apache\httpcomponents\httpmime\4.5.1\httpmime-4.5.1.jar;C:\Users\aotulana\.m2\repository\org\hamcrest\hamcrest-core\1.3\hamcrest-core-1.3.jar;C:\Users\aotulana\.m2\repository\org\hamcrest\hamcrest-library\1.3\hamcrest-library-1.3.jar;C:\Users\aotulana\.m2\repository\org\ccil\cowan\tagsoup\tagsoup\1.2.1\tagsoup-1.2.1.jar;C:\Users\aotulana\.m2\repository\io\rest-assured\json-path\3.1.0\json-path-3.1.0.jar;C:\Users\aotulana\.m2\repository\org\codehaus\groovy\groovy-json\2.4.12\groovy-json-2.4.12.jar;C:\Users\aotulana\.m2\repository\io\rest-assured\xml-path\3.1.0\xml-path-3.1.0.jar;C:\Users\aotulana\.m2\repository\org\apache\commons\commons-lang3\3.4\commons-lang3-3.4.jar;C:\Users\aotulana\.m2\repository\javax\xml\bind\jaxb-api\2.2.12\jaxb-api-2.2.12.jar;C:\Users\aotulana\.m2\repository\io\rest-assured\rest-assured-common\3.1.0\rest-assured-common-3.1.0.jar;C:\Users\aotulana\.m2\repository\io\rest-assured\json-schema-validator\3.1.0\json-schema-validator-3.1.0.jar;C:\Users\aotulana\.m2\repository\com\github\fge\json-schema-validator\2.2.6\json-schema-validator-2.2.6.jar;C:\Users\aotulana\.m2\repository\com\google\code\findbugs\jsr305\3.0.0\jsr305-3.0.0.jar;C:\Users\aotulana\.m2\repository\joda-time\joda-time\2.3\joda-time-2.3.jar;C:\Users\aotulana\.m2\repository\com\googlecode\libphonenumber\libphonenumber\6.2\libphonenumber-6.2.jar;C:\Users\aotulana\.m2\repository\com\github\fge\json-schema-core\1.2.5\json-schema-core-1.2.5.jar;C:\Users\aotulana\.m2\repository\com\github\fge\uri-template\0.9\uri-template-0.9.jar;C:\Users\aotulana\.m2\repository\com\github\fge\msg-simple\1.1\msg-simple-1.1.jar;C:\Users\aotulana\.m2\repository\com\github\fge\btf\1.2\btf-1.2.jar;C:\Users\aotulana\.m2\repository\com\google\guava\guava\16.0.1\guava-16.0.1.jar;C:\Users\aotulana\.m2\repository\com\github\fge\jackson-coreutils\1.8\jackson-coreutils-1.8.jar;C:\Users\aotulana\.m2\repository\com\fasterxml\jackson\core\jackson-databind\2.2.3\jackson-databind-2.2.3.jar;C:\Users\aotulana\.m2\repository\com\fasterxml\jackson\core\jackson-annotations\2.2.3\jackson-annotations-2.2.3.jar;C:\Users\aotulana\.m2\repository\com\fasterxml\jackson\core\jackson-core\2.2.3\jackson-core-2.2.3.jar;C:\Users\aotulana\.m2\repository\org\mozilla\rhino\1.7R4\rhino-1.7R4.jar;C:\Users\aotulana\.m2\repository\javax\mail\mailapi\1.4.3\mailapi-1.4.3.jar;C:\Users\aotulana\.m2\repository\javax\activation\activation\1.1\activation-1.1.jar;C:\Users\aotulana\.m2\repository\net\sf\jopt-simple\jopt-simple\4.6\jopt-simple-4.6.jar;C:\Users\aotulana\.m2\repository\org\testng\testng\6.14.3\testng-6.14.3.jar;C:\Users\aotulana\.m2\repository\com\beust\jcommander\1.72\jcommander-1.72.jar;C:\Users\aotulana\.m2\repository\org\apache-extras\beanshell\bsh\2.0b6\bsh-2.0b6.jar;C:\Users\aotulana\.m2\repository\com\aventstack\extentreports\3.1.5\extentreports-3.1.5.jar;C:\Users\aotulana\.m2\repository\org\freemarker\freemarker\2.3.23\freemarker-2.3.23.jar;C:\Users\aotulana\.m2\repository\org\mongodb\mongodb-driver\3.3.0\mongodb-driver-3.3.0.jar;C:\Users\aotulana\.m2\repository\org\mongodb\bson\3.3.0\bson-3.3.0.jar;C:\Users\aotulana\.m2\repository\org\mongodb\mongodb-driver-core\3.3.0\mongodb-driver-core-3.3.0.jar;C:\Users\aotulana\.m2\repository\org\jsoup\jsoup\1.9.2\jsoup-1.9.2.jar;C:\Users\aotulana\.m2\repository\com\google\code\gson\gson\2.8.0\gson-2.8.0.jar;C:\Users\aotulana\.m2\repository\com\relevantcodes\extentreports\2.41.2\extentreports-2.41.2.jar;C:\Users\aotulana\.m2\repository\org\xerial\sqlite-jdbc\3.8.11.1\sqlite-jdbc-3.8.11.1.jar;C:\Users\aotulana\.m2\repository\org\apache\maven\surefire\surefire-testng-utils\2.22.0\surefire-testng-utils-2.22.0.jar;C:\Users\aotulana\.m2\repository\org\apache\maven\surefire\surefire-grouper\2.22.0\surefire-grouper-2.22.0.jar;"/>
    <property name="java.vm.vendor" value="Oracle Corporation"/>
    <property name="sun.arch.data.model" value="64"/>
    <property name="user.variant" value=""/>
    <property name="java.vendor.url" value="http://java.oracle.com/"/>
    <property name="user.timezone" value="Africa/Luanda"/>
    <property name="java.vm.specification.version" value="1.8"/>
    <property name="os.name" value="Windows 10"/>
    <property name="user.country" value="US"/>
    <property name="sun.java.launcher" value="SUN_STANDARD"/>
    <property name="sun.boot.library.path" value="C:\Program Files\Java\jdk1.8.0_192\jre\bin"/>
    <property name="sun.java.command" value="C:\Users\aotulana\AppData\Local\Temp\surefire3183999804138769955\surefirebooter6055917756421632324.jar C:\Users\aotulana\AppData\Local\Temp\surefire3183999804138769955 2018-11-12T20-13-19_747-jvmRun1 surefire7195067971305550400tmp surefire_07261194389892357469tmp"/>
    <property name="surefire.test.class.path" value="C:\Users\aotulana\repos\differ-regression-assignment\target\test-classes;C:\Users\aotulana\repos\differ-regression-assignment\target\classes;C:\Users\aotulana\.m2\repository\io\rest-assured\rest-assured\3.1.0\rest-assured-3.1.0.jar;C:\Users\aotulana\.m2\repository\org\codehaus\groovy\groovy\2.4.12\groovy-2.4.12.jar;C:\Users\aotulana\.m2\repository\org\codehaus\groovy\groovy-xml\2.4.12\groovy-xml-2.4.12.jar;C:\Users\aotulana\.m2\repository\org\apache\httpcomponents\httpclient\4.5.3\httpclient-4.5.3.jar;C:\Users\aotulana\.m2\repository\org\apache\httpcomponents\httpcore\4.4.6\httpcore-4.4.6.jar;C:\Users\aotulana\.m2\repository\commons-logging\commons-logging\1.2\commons-logging-1.2.jar;C:\Users\aotulana\.m2\repository\commons-codec\commons-codec\1.9\commons-codec-1.9.jar;C:\Users\aotulana\.m2\repository\org\apache\httpcomponents\httpmime\4.5.1\httpmime-4.5.1.jar;C:\Users\aotulana\.m2\repository\org\hamcrest\hamcrest-core\1.3\hamcrest-core-1.3.jar;C:\Users\aotulana\.m2\repository\org\hamcrest\hamcrest-library\1.3\hamcrest-library-1.3.jar;C:\Users\aotulana\.m2\repository\org\ccil\cowan\tagsoup\tagsoup\1.2.1\tagsoup-1.2.1.jar;C:\Users\aotulana\.m2\repository\io\rest-assured\json-path\3.1.0\json-path-3.1.0.jar;C:\Users\aotulana\.m2\repository\org\codehaus\groovy\groovy-json\2.4.12\groovy-json-2.4.12.jar;C:\Users\aotulana\.m2\repository\io\rest-assured\xml-path\3.1.0\xml-path-3.1.0.jar;C:\Users\aotulana\.m2\repository\org\apache\commons\commons-lang3\3.4\commons-lang3-3.4.jar;C:\Users\aotulana\.m2\repository\javax\xml\bind\jaxb-api\2.2.12\jaxb-api-2.2.12.jar;C:\Users\aotulana\.m2\repository\io\rest-assured\rest-assured-common\3.1.0\rest-assured-common-3.1.0.jar;C:\Users\aotulana\.m2\repository\io\rest-assured\json-schema-validator\3.1.0\json-schema-validator-3.1.0.jar;C:\Users\aotulana\.m2\repository\com\github\fge\json-schema-validator\2.2.6\json-schema-validator-2.2.6.jar;C:\Users\aotulana\.m2\repository\com\google\code\findbugs\jsr305\3.0.0\jsr305-3.0.0.jar;C:\Users\aotulana\.m2\repository\joda-time\joda-time\2.3\joda-time-2.3.jar;C:\Users\aotulana\.m2\repository\com\googlecode\libphonenumber\libphonenumber\6.2\libphonenumber-6.2.jar;C:\Users\aotulana\.m2\repository\com\github\fge\json-schema-core\1.2.5\json-schema-core-1.2.5.jar;C:\Users\aotulana\.m2\repository\com\github\fge\uri-template\0.9\uri-template-0.9.jar;C:\Users\aotulana\.m2\repository\com\github\fge\msg-simple\1.1\msg-simple-1.1.jar;C:\Users\aotulana\.m2\repository\com\github\fge\btf\1.2\btf-1.2.jar;C:\Users\aotulana\.m2\repository\com\google\guava\guava\16.0.1\guava-16.0.1.jar;C:\Users\aotulana\.m2\repository\com\github\fge\jackson-coreutils\1.8\jackson-coreutils-1.8.jar;C:\Users\aotulana\.m2\repository\com\fasterxml\jackson\core\jackson-databind\2.2.3\jackson-databind-2.2.3.jar;C:\Users\aotulana\.m2\repository\com\fasterxml\jackson\core\jackson-annotations\2.2.3\jackson-annotations-2.2.3.jar;C:\Users\aotulana\.m2\repository\com\fasterxml\jackson\core\jackson-core\2.2.3\jackson-core-2.2.3.jar;C:\Users\aotulana\.m2\repository\org\mozilla\rhino\1.7R4\rhino-1.7R4.jar;C:\Users\aotulana\.m2\repository\javax\mail\mailapi\1.4.3\mailapi-1.4.3.jar;C:\Users\aotulana\.m2\repository\javax\activation\activation\1.1\activation-1.1.jar;C:\Users\aotulana\.m2\repository\net\sf\jopt-simple\jopt-simple\4.6\jopt-simple-4.6.jar;C:\Users\aotulana\.m2\repository\org\testng\testng\6.14.3\testng-6.14.3.jar;C:\Users\aotulana\.m2\repository\com\beust\jcommander\1.72\jcommander-1.72.jar;C:\Users\aotulana\.m2\repository\org\apache-extras\beanshell\bsh\2.0b6\bsh-2.0b6.jar;C:\Users\aotulana\.m2\repository\com\aventstack\extentreports\3.1.5\extentreports-3.1.5.jar;C:\Users\aotulana\.m2\repository\org\freemarker\freemarker\2.3.23\freemarker-2.3.23.jar;C:\Users\aotulana\.m2\repository\org\mongodb\mongodb-driver\3.3.0\mongodb-driver-3.3.0.jar;C:\Users\aotulana\.m2\repository\org\mongodb\bson\3.3.0\bson-3.3.0.jar;C:\Users\aotulana\.m2\repository\org\mongodb\mongodb-driver-core\3.3.0\mongodb-driver-core-3.3.0.jar;C:\Users\aotulana\.m2\repository\org\jsoup\jsoup\1.9.2\jsoup-1.9.2.jar;C:\Users\aotulana\.m2\repository\com\google\code\gson\gson\2.8.0\gson-2.8.0.jar;C:\Users\aotulana\.m2\repository\com\relevantcodes\extentreports\2.41.2\extentreports-2.41.2.jar;C:\Users\aotulana\.m2\repository\org\xerial\sqlite-jdbc\3.8.11.1\sqlite-jdbc-3.8.11.1.jar;C:\Users\aotulana\.m2\repository\org\apache\maven\surefire\surefire-testng-utils\2.22.0\surefire-testng-utils-2.22.0.jar;C:\Users\aotulana\.m2\repository\org\apache\maven\surefire\surefire-grouper\2.22.0\surefire-grouper-2.22.0.jar;"/>
    <property name="sun.cpu.endian" value="little"/>
    <property name="user.home" value="C:\Users\aotulana"/>
    <property name="user.language" value="en"/>
    <property name="java.specification.vendor" value="Oracle Corporation"/>
    <property name="java.home" value="C:\Program Files\Java\jdk1.8.0_192\jre"/>
    <property name="basedir" value="C:\Users\aotulana\repos\differ-regression-assignment"/>
    <property name="file.separator" value="\"/>
    <property name="line.separator" value="&#10;"/>
    <property name="java.vm.specification.vendor" value="Oracle Corporation"/>
    <property name="java.specification.name" value="Java Platform API Specification"/>
    <property name="java.awt.graphicsenv" value="sun.awt.Win32GraphicsEnvironment"/>
    <property name="surefire.real.class.path" value="C:\Users\aotulana\AppData\Local\Temp\surefire3183999804138769955\surefirebooter6055917756421632324.jar"/>
    <property name="sun.boot.class.path" value="C:\Program Files\Java\jdk1.8.0_192\jre\lib\resources.jar;C:\Program Files\Java\jdk1.8.0_192\jre\lib\rt.jar;C:\Program Files\Java\jdk1.8.0_192\jre\lib\sunrsasign.jar;C:\Program Files\Java\jdk1.8.0_192\jre\lib\jsse.jar;C:\Program Files\Java\jdk1.8.0_192\jre\lib\jce.jar;C:\Program Files\Java\jdk1.8.0_192\jre\lib\charsets.jar;C:\Program Files\Java\jdk1.8.0_192\jre\lib\jfr.jar;C:\Program Files\Java\jdk1.8.0_192\jre\classes"/>
    <property name="user.script" value=""/>
    <property name="sun.management.compiler" value="HotSpot 64-Bit Tiered Compilers"/>
    <property name="java.runtime.version" value="1.8.0_192-b12"/>
    <property name="user.name" value="aotulana"/>
    <property name="path.separator" value=";"/>
    <property name="os.version" value="10.0"/>
    <property name="java.endorsed.dirs" value="C:\Program Files\Java\jdk1.8.0_192\jre\lib\endorsed"/>
    <property name="java.runtime.name" value="Java(TM) SE Runtime Environment"/>
    <property name="file.encoding" value="Cp1252"/>
    <property name="java.vm.name" value="Java HotSpot(TM) 64-Bit Server VM"/>
    <property name="localRepository" value="C:\Users\aotulana\.m2\repository"/>
    <property name="java.vendor.url.bug" value="http://bugreport.sun.com/bugreport/"/>
    <property name="java.io.tmpdir" value="C:\Users\aotulana\AppData\Local\Temp\"/>
    <property name="java.version" value="1.8.0_192"/>
    <property name="user.dir" value="C:\Users\aotulana\repos\differ-regression-assignment"/>
    <property name="os.arch" value="amd64"/>
    <property name="java.vm.specification.name" value="Java Virtual Machine Specification"/>
    <property name="java.awt.printerjob" value="sun.awt.windows.WPrinterJob"/>
    <property name="sun.os.patch.level" value=""/>
    <property name="java.library.path" value="C:\Program Files\Java\jdk1.8.0_192\jre\bin;C:\WINDOWS\Sun\Java\bin;C:\WINDOWS\system32;C:\WINDOWS;C:\Program Files (x86)\Common Files\Oracle\Java\javapath;C:\WINDOWS\system32;C:\WINDOWS;C:\WINDOWS\System32\Wbem;C:\WINDOWS\System32\WindowsPowerShell\v1.0\;C:\Program Files (x86)\Skype\Phone\;C:\WINDOWS\System32\OpenSSH\;C:\Program Files\Git\cmd;C:\Program Files\Java\jdk1.8.0_192\bin;C:\Users\aotulana\apache-maven-3.5.4\bin;C:\Users\aotulana\AppData\Local\Microsoft\WindowsApps;;C:\Users\aotulana\AppData\Local\Programs\Microsoft VS Code\bin;."/>
    <property name="java.vm.info" value="mixed mode"/>
    <property name="java.vendor" value="Oracle Corporation"/>
    <property name="java.vm.version" value="25.192-b12"/>
    <property name="java.ext.dirs" value="C:\Program Files\Java\jdk1.8.0_192\jre\lib\ext;C:\WINDOWS\Sun\Java\lib\ext"/>
    <property name="sun.io.unicode.encoding" value="UnicodeLittle"/>
    <property name="java.class.version" value="52.0"/>
  </properties>
  <testcase name="testEmptyBodyShouldReturnBadRequest" classname="requests.SetSideValueTest" time="1.343"/>
  <testcase name="testEmptyStringSideShouldReturnSideNameNotSupportedException" classname="requests.SetSideValueTest" time="0.018"/>
  <testcase name="testHtmlContentTypeShouldReturnUnsupportedMediaType" classname="requests.SetSideValueTest" time="0.02"/>
  <testcase name="testLeftSideShouldReturnAcceptedLeftSideBase64Data" classname="requests.SetSideValueTest" time="0.016"/>
  <testcase name="testLeftandRideSidesShouldReturnAcceptedDataForBothSides" classname="requests.SetSideValueTest" time="0.044"/>
  <testcase name="testNoContentTypeShouldReturnUnsupportedMediaType" classname="requests.SetSideValueTest" time="0.014"/>
  <testcase name="testNonBase64DataShouldReturnDataNotBase64Exception" classname="requests.SetSideValueTest" time="0.026"/>
  <testcase name="testNonIntegerIDShouldReturnMethodNotAllowed" classname="requests.SetSideValueTest" time="0.02"/>
  <testcase name="testPutMethodShouldReturnMethodNotAllowed" classname="requests.SetSideValueTest" time="0.02"/>
  <testcase name="testRightSideShouldReturnAcceptedRightSideBase64Data" classname="requests.SetSideValueTest" time="0.016"/>
  <testcase name="testTextContentTypeShouldReturnUnsupportedMediaType" classname="requests.SetSideValueTest" time="0.01"/>
  <testcase name="testUndefinedSideShouldReturnSideNameNotSupportedException" classname="requests.SetSideValueTest" time="0.022"/>
  <testcase name="testXmlContentTypeShouldReturnUnsupportedMediaType" classname="requests.SetSideValueTest" time="0.016"/>
  <testcase name="testDifferAgainstNullLeftSideShouldDifferentLength" classname="requests.DifferentiateTest" time="0.073">
    <failure message="expected [Left side contains no value.] but found [null]" type="java.lang.AssertionError">java.lang.AssertionError: expected [Left side contains no value.] but found [null]
	at requests.DifferentiateTest.testDifferAgainstNullLeftSideShouldDifferentLength(DifferentiateTest.java:47)
</failure>
  </testcase>
  <testcase name="testDifferAgainstNullRightSideShouldDifferentLength" classname="requests.DifferentiateTest" time="0.038">
    <failure message="expected [Right side contains no value.] but found [null]" type="java.lang.AssertionError">java.lang.AssertionError: expected [Right side contains no value.] but found [null]
	at requests.DifferentiateTest.testDifferAgainstNullRightSideShouldDifferentLength(DifferentiateTest.java:60)
</failure>
  </testcase>
  <testcase name="testDifferNotInitializedIDShouldReturnNotFound" classname="requests.DifferentiateTest" time="0.02">
    <failure message="1 expectation failed.&#10;Expected status code &lt;404&gt; but was &lt;200&gt;.&#10;" type="java.lang.AssertionError"><![CDATA[java.lang.AssertionError: 
1 expectation failed.
Expected status code <404> but was <200>.

	at requests.DifferentiateTest.testDifferNotInitializedIDShouldReturnNotFound(DifferentiateTest.java:75)
]]></failure>
  </testcase>
  <testcase name="testDifferOfEqualSidesShouldReturnEqual" classname="requests.DifferentiateTest" time="0.046"/>
</testsuite>