<?xml version="1.0" encoding="UTF-8"?>
<testsuite xmlns:xsi="http://www.w3.org/2001/XMLSchema-instance" xsi:noNamespaceSchemaLocation="https://maven.apache.org/surefire/maven-surefire-plugin/xsd/surefire-test-report.xsd" name="TestSuite" time="4.153" tests="28" errors="0" skipped="0" failures="18">
  <properties>
    <property name="sun.desktop" value="windows"/>
    <property name="awt.toolkit" value="sun.awt.windows.WToolkit"/>
    <property name="file.encoding.pkg" value="sun.io"/>
    <property name="java.specification.version" value="1.8"/>
    <property name="sun.cpu.isalist" value="amd64"/>
    <property name="sun.jnu.encoding" value="Cp1252"/>
    <property name="java.class.path" value="C:\Users\aotulana\repos\differ-regression-assignment\target\test-classes;C:\Users\aotulana\repos\differ-regression-assignment\target\classes;C:\Users\aotulana\.m2\repository\io\rest-assured\rest-assured\3.2.0\rest-assured-3.2.0.jar;C:\Users\aotulana\.m2\repository\org\codehaus\groovy\groovy\2.4.15\groovy-2.4.15.jar;C:\Users\aotulana\.m2\repository\org\codehaus\groovy\groovy-xml\2.4.15\groovy-xml-2.4.15.jar;C:\Users\aotulana\.m2\repository\org\apache\httpcomponents\httpclient\4.5.3\httpclient-4.5.3.jar;C:\Users\aotulana\.m2\repository\org\apache\httpcomponents\httpcore\4.4.6\httpcore-4.4.6.jar;C:\Users\aotulana\.m2\repository\commons-logging\commons-logging\1.2\commons-logging-1.2.jar;C:\Users\aotulana\.m2\repository\commons-codec\commons-codec\1.9\commons-codec-1.9.jar;C:\Users\aotulana\.m2\repository\org\apache\httpcomponents\httpmime\4.5.1\httpmime-4.5.1.jar;C:\Users\aotulana\.m2\repository\org\hamcrest\hamcrest-core\1.3\hamcrest-core-1.3.jar;C:\Users\aotulana\.m2\repository\org\hamcrest\hamcrest-library\1.3\hamcrest-library-1.3.jar;C:\Users\aotulana\.m2\repository\org\ccil\cowan\tagsoup\tagsoup\1.2.1\tagsoup-1.2.1.jar;C:\Users\aotulana\.m2\repository\io\rest-assured\json-path\3.2.0\json-path-3.2.0.jar;C:\Users\aotulana\.m2\repository\org\codehaus\groovy\groovy-json\2.4.15\groovy-json-2.4.15.jar;C:\Users\aotulana\.m2\repository\io\rest-assured\rest-assured-common\3.2.0\rest-assured-common-3.2.0.jar;C:\Users\aotulana\.m2\repository\io\rest-assured\xml-path\3.2.0\xml-path-3.2.0.jar;C:\Users\aotulana\.m2\repository\org\apache\commons\commons-lang3\3.4\commons-lang3-3.4.jar;C:\Users\aotulana\.m2\repository\javax\xml\bind\jaxb-api\2.2.12\jaxb-api-2.2.12.jar;C:\Users\aotulana\.m2\repository\com\sun\xml\bind\jaxb-osgi\2.2.10\jaxb-osgi-2.2.10.jar;C:\Users\aotulana\.m2\repository\org\apache\sling\org.apache.sling.javax.activation\0.1.0\org.apache.sling.javax.activation-0.1.0.jar;C:\Users\aotulana\.m2\repository\javax\activation\activation\1.1.1\activation-1.1.1.jar;C:\Users\aotulana\.m2\repository\org\testng\testng\6.14.3\testng-6.14.3.jar;C:\Users\aotulana\.m2\repository\com\beust\jcommander\1.72\jcommander-1.72.jar;C:\Users\aotulana\.m2\repository\org\apache-extras\beanshell\bsh\2.0b6\bsh-2.0b6.jar;C:\Users\aotulana\.m2\repository\com\relevantcodes\extentreports\2.41.2\extentreports-2.41.2.jar;C:\Users\aotulana\.m2\repository\org\jsoup\jsoup\1.8.3\jsoup-1.8.3.jar;C:\Users\aotulana\.m2\repository\org\xerial\sqlite-jdbc\3.8.11.1\sqlite-jdbc-3.8.11.1.jar;C:\Users\aotulana\.m2\repository\org\freemarker\freemarker\2.3.23\freemarker-2.3.23.jar;C:\Users\aotulana\.m2\repository\org\mongodb\mongodb-driver\3.0.4\mongodb-driver-3.0.4.jar;C:\Users\aotulana\.m2\repository\org\mongodb\bson\3.0.4\bson-3.0.4.jar;C:\Users\aotulana\.m2\repository\org\mongodb\mongodb-driver-core\3.0.4\mongodb-driver-core-3.0.4.jar;C:\Users\aotulana\.m2\repository\org\apache\maven\surefire\surefire-testng-utils\2.22.0\surefire-testng-utils-2.22.0.jar;C:\Users\aotulana\.m2\repository\org\apache\maven\surefire\surefire-grouper\2.22.0\surefire-grouper-2.22.0.jar;"/>
    <property name="java.vm.vendor" value="Oracle Corporation"/>
    <property name="sun.arch.data.model" value="64"/>
    <property name="user.variant" value=""/>
    <property name="java.vendor.url" value="http://java.oracle.com/"/>
    <property name="user.timezone" value="Africa/Luanda"/>
    <property name="java.vm.specification.version" value="1.8"/>
    <property name="os.name" value="Windows 10"/>
    <property name="user.country" value="US"/>
    <property name="sun.java.launcher" value="SUN_STANDARD"/>
    <property name="sun.boot.library.path" value="C:\Program Files\Java\jdk1.8.0_192\jre\bin"/>
    <property name="sun.java.command" value="C:\Users\aotulana\AppData\Local\Temp\surefire8976556581784496868\surefirebooter6009496063468289963.jar C:\Users\aotulana\AppData\Local\Temp\surefire8976556581784496868 2019-02-11T18-08-53_718-jvmRun1 surefire5617172949002218394tmp surefire_04350540889708745525tmp"/>
    <property name="surefire.test.class.path" value="C:\Users\aotulana\repos\differ-regression-assignment\target\test-classes;C:\Users\aotulana\repos\differ-regression-assignment\target\classes;C:\Users\aotulana\.m2\repository\io\rest-assured\rest-assured\3.2.0\rest-assured-3.2.0.jar;C:\Users\aotulana\.m2\repository\org\codehaus\groovy\groovy\2.4.15\groovy-2.4.15.jar;C:\Users\aotulana\.m2\repository\org\codehaus\groovy\groovy-xml\2.4.15\groovy-xml-2.4.15.jar;C:\Users\aotulana\.m2\repository\org\apache\httpcomponents\httpclient\4.5.3\httpclient-4.5.3.jar;C:\Users\aotulana\.m2\repository\org\apache\httpcomponents\httpcore\4.4.6\httpcore-4.4.6.jar;C:\Users\aotulana\.m2\repository\commons-logging\commons-logging\1.2\commons-logging-1.2.jar;C:\Users\aotulana\.m2\repository\commons-codec\commons-codec\1.9\commons-codec-1.9.jar;C:\Users\aotulana\.m2\repository\org\apache\httpcomponents\httpmime\4.5.1\httpmime-4.5.1.jar;C:\Users\aotulana\.m2\repository\org\hamcrest\hamcrest-core\1.3\hamcrest-core-1.3.jar;C:\Users\aotulana\.m2\repository\org\hamcrest\hamcrest-library\1.3\hamcrest-library-1.3.jar;C:\Users\aotulana\.m2\repository\org\ccil\cowan\tagsoup\tagsoup\1.2.1\tagsoup-1.2.1.jar;C:\Users\aotulana\.m2\repository\io\rest-assured\json-path\3.2.0\json-path-3.2.0.jar;C:\Users\aotulana\.m2\repository\org\codehaus\groovy\groovy-json\2.4.15\groovy-json-2.4.15.jar;C:\Users\aotulana\.m2\repository\io\rest-assured\rest-assured-common\3.2.0\rest-assured-common-3.2.0.jar;C:\Users\aotulana\.m2\repository\io\rest-assured\xml-path\3.2.0\xml-path-3.2.0.jar;C:\Users\aotulana\.m2\repository\org\apache\commons\commons-lang3\3.4\commons-lang3-3.4.jar;C:\Users\aotulana\.m2\repository\javax\xml\bind\jaxb-api\2.2.12\jaxb-api-2.2.12.jar;C:\Users\aotulana\.m2\repository\com\sun\xml\bind\jaxb-osgi\2.2.10\jaxb-osgi-2.2.10.jar;C:\Users\aotulana\.m2\repository\org\apache\sling\org.apache.sling.javax.activation\0.1.0\org.apache.sling.javax.activation-0.1.0.jar;C:\Users\aotulana\.m2\repository\javax\activation\activation\1.1.1\activation-1.1.1.jar;C:\Users\aotulana\.m2\repository\org\testng\testng\6.14.3\testng-6.14.3.jar;C:\Users\aotulana\.m2\repository\com\beust\jcommander\1.72\jcommander-1.72.jar;C:\Users\aotulana\.m2\repository\org\apache-extras\beanshell\bsh\2.0b6\bsh-2.0b6.jar;C:\Users\aotulana\.m2\repository\com\relevantcodes\extentreports\2.41.2\extentreports-2.41.2.jar;C:\Users\aotulana\.m2\repository\org\jsoup\jsoup\1.8.3\jsoup-1.8.3.jar;C:\Users\aotulana\.m2\repository\org\xerial\sqlite-jdbc\3.8.11.1\sqlite-jdbc-3.8.11.1.jar;C:\Users\aotulana\.m2\repository\org\freemarker\freemarker\2.3.23\freemarker-2.3.23.jar;C:\Users\aotulana\.m2\repository\org\mongodb\mongodb-driver\3.0.4\mongodb-driver-3.0.4.jar;C:\Users\aotulana\.m2\repository\org\mongodb\bson\3.0.4\bson-3.0.4.jar;C:\Users\aotulana\.m2\repository\org\mongodb\mongodb-driver-core\3.0.4\mongodb-driver-core-3.0.4.jar;C:\Users\aotulana\.m2\repository\org\apache\maven\surefire\surefire-testng-utils\2.22.0\surefire-testng-utils-2.22.0.jar;C:\Users\aotulana\.m2\repository\org\apache\maven\surefire\surefire-grouper\2.22.0\surefire-grouper-2.22.0.jar;"/>
    <property name="sun.cpu.endian" value="little"/>
    <property name="user.home" value="C:\Users\aotulana"/>
    <property name="user.language" value="en"/>
    <property name="java.specification.vendor" value="Oracle Corporation"/>
    <property name="java.home" value="C:\Program Files\Java\jdk1.8.0_192\jre"/>
    <property name="basedir" value="C:\Users\aotulana\repos\differ-regression-assignment"/>
    <property name="file.separator" value="\"/>
    <property name="line.separator" value="&#10;"/>
    <property name="java.vm.specification.vendor" value="Oracle Corporation"/>
    <property name="java.specification.name" value="Java Platform API Specification"/>
    <property name="java.awt.graphicsenv" value="sun.awt.Win32GraphicsEnvironment"/>
    <property name="surefire.real.class.path" value="C:\Users\aotulana\AppData\Local\Temp\surefire8976556581784496868\surefirebooter6009496063468289963.jar"/>
    <property name="sun.boot.class.path" value="C:\Program Files\Java\jdk1.8.0_192\jre\lib\resources.jar;C:\Program Files\Java\jdk1.8.0_192\jre\lib\rt.jar;C:\Program Files\Java\jdk1.8.0_192\jre\lib\sunrsasign.jar;C:\Program Files\Java\jdk1.8.0_192\jre\lib\jsse.jar;C:\Program Files\Java\jdk1.8.0_192\jre\lib\jce.jar;C:\Program Files\Java\jdk1.8.0_192\jre\lib\charsets.jar;C:\Program Files\Java\jdk1.8.0_192\jre\lib\jfr.jar;C:\Program Files\Java\jdk1.8.0_192\jre\classes"/>
    <property name="user.script" value=""/>
    <property name="sun.management.compiler" value="HotSpot 64-Bit Tiered Compilers"/>
    <property name="java.runtime.version" value="1.8.0_192-b12"/>
    <property name="user.name" value="aotulana"/>
    <property name="path.separator" value=";"/>
    <property name="os.version" value="10.0"/>
    <property name="java.endorsed.dirs" value="C:\Program Files\Java\jdk1.8.0_192\jre\lib\endorsed"/>
    <property name="java.runtime.name" value="Java(TM) SE Runtime Environment"/>
    <property name="file.encoding" value="Cp1252"/>
    <property name="server.port" value="8081"/>
    <property name="java.vm.name" value="Java HotSpot(TM) 64-Bit Server VM"/>
    <property name="localRepository" value="C:\Users\aotulana\.m2\repository"/>
    <property name="java.vendor.url.bug" value="http://bugreport.sun.com/bugreport/"/>
    <property name="java.io.tmpdir" value="C:\Users\aotulana\AppData\Local\Temp\"/>
    <property name="server.host" value="http://localhost"/>
    <property name="java.version" value="1.8.0_192"/>
    <property name="user.dir" value="C:\Users\aotulana\repos\differ-regression-assignment"/>
    <property name="os.arch" value="amd64"/>
    <property name="java.vm.specification.name" value="Java Virtual Machine Specification"/>
    <property name="java.awt.printerjob" value="sun.awt.windows.WPrinterJob"/>
    <property name="sun.os.patch.level" value=""/>
    <property name="java.library.path" value="C:\Program Files\Java\jdk1.8.0_192\jre\bin;C:\WINDOWS\Sun\Java\bin;C:\WINDOWS\system32;C:\WINDOWS;C:\Program Files (x86)\Common Files\Oracle\Java\javapath;C:\WINDOWS\system32;C:\WINDOWS;C:\WINDOWS\System32\Wbem;C:\WINDOWS\System32\WindowsPowerShell\v1.0\;C:\Program Files (x86)\Skype\Phone\;C:\WINDOWS\System32\OpenSSH\;C:\Program Files\Git\cmd;C:\Program Files\Java\jdk1.8.0_192\bin;C:\Users\aotulana\apache-maven-3.5.4\bin;C:\Program Files (x86)\Google\Chrome\Application;C:\Program Files\nodejs\;C:\Users\aotulana\AppData\Local\Microsoft\WindowsApps;;C:\Users\aotulana\AppData\Local\Programs\Microsoft VS Code\bin;C:\Users\aotulana\AppData\Roaming\npm;."/>
    <property name="java.vm.info" value="mixed mode"/>
    <property name="java.vendor" value="Oracle Corporation"/>
    <property name="java.vm.version" value="25.192-b12"/>
    <property name="java.ext.dirs" value="C:\Program Files\Java\jdk1.8.0_192\jre\lib\ext;C:\WINDOWS\Sun\Java\lib\ext"/>
    <property name="sun.io.unicode.encoding" value="UnicodeLittle"/>
    <property name="java.class.version" value="52.0"/>
  </properties>
  <testcase name="when_AlphabetOnlyIsEnteredAsID_Expect_415UnsupportedMediaType" classname="requests.SideServiceTest" time="0.959"/>
  <testcase name="when_AlphanumericValueIsEnteredAsID_Expect_404NotFound" classname="requests.SideServiceTest" time="0.027"/>
  <testcase name="when_BodyDataIsNotBase64Encoded_Expect_DataNotBase64Exception" classname="requests.SideServiceTest" time="0.085">
    <failure message="Cannot parse object because no JSON deserializer found in classpath. Please put either Jackson (Databind) or Gson in the classpath." type="java.lang.IllegalStateException">java.lang.IllegalStateException: Cannot parse object because no JSON deserializer found in classpath. Please put either Jackson (Databind) or Gson in the classpath.
	at requests.SideServiceTest.when_BodyDataIsNotBase64Encoded_Expect_DataNotBase64Exception(SideServiceTest.java:67)
</failure>
  </testcase>
  <testcase name="when_BodyIsNotPassedInSideRequest_Expect_400BadRequest" classname="requests.SideServiceTest" time="0.123">
    <failure message="Cannot parse object because no JSON deserializer found in classpath. Please put either Jackson (Databind) or Gson in the classpath." type="java.lang.IllegalStateException">java.lang.IllegalStateException: Cannot parse object because no JSON deserializer found in classpath. Please put either Jackson (Databind) or Gson in the classpath.
	at requests.SideServiceTest.when_BodyIsNotPassedInSideRequest_Expect_400BadRequest(SideServiceTest.java:357)
</failure>
  </testcase>
  <testcase name="when_EmptyStringIsEnteredAsID_Expect_404NotFound" classname="requests.SideServiceTest" time="0.024"/>
  <testcase name="when_EmptyStringIsPassedAsBody_Expect_400BadRequest" classname="requests.SideServiceTest" time="0.022">
    <failure message="1 expectation failed.&#10;Expected status code &lt;400&gt; but was &lt;200&gt;.&#10;" type="java.lang.AssertionError"><![CDATA[java.lang.AssertionError: 
1 expectation failed.
Expected status code <400> but was <200>.

	at requests.SideServiceTest.when_EmptyStringIsPassedAsBody_Expect_400BadRequest(SideServiceTest.java:382)
]]></failure>
  </testcase>
  <testcase name="when_EmptyStringIsPassedAsSide_Expect_SideNameNotSupportedException" classname="requests.SideServiceTest" time="0.014"/>
  <testcase name="when_LeftAndRightSideRequestsAreMadeWithSameID_Expect_AcceptedDataForLeftAndRight" classname="requests.SideServiceTest" time="0.066">
    <failure message="Cannot parse content to class responseModels.LeftAndRightSideSuccessResponse because no content-type was present in the response and no default parser has been set.&#10;You can specify a default parser using e.g.:&#10;RestAssured.defaultParser = Parser.JSON;&#10;&#10;or you can specify an explicit ObjectMapper using as(class responseModels.LeftAndRightSideSuccessResponse, &lt;ObjectMapper&gt;);" type="java.lang.IllegalStateException"><![CDATA[java.lang.IllegalStateException: 
Cannot parse content to class responseModels.LeftAndRightSideSuccessResponse because no content-type was present in the response and no default parser has been set.
You can specify a default parser using e.g.:
RestAssured.defaultParser = Parser.JSON;

or you can specify an explicit ObjectMapper using as(class responseModels.LeftAndRightSideSuccessResponse, <ObjectMapper>);
	at requests.SideServiceTest.when_LeftAndRightSideRequestsAreMadeWithSameID_Expect_AcceptedDataForLeftAndRight(SideServiceTest.java:441)
]]></failure>
  </testcase>
  <testcase name="when_NegativeValueIsEnteredAsID_Expect_404NotFound" classname="requests.SideServiceTest" time="0.016">
    <failure message="1 expectation failed.&#10;Expected status code &lt;404&gt; but was &lt;200&gt;.&#10;" type="java.lang.AssertionError"><![CDATA[java.lang.AssertionError: 
1 expectation failed.
Expected status code <404> but was <200>.

	at requests.SideServiceTest.when_NegativeValueIsEnteredAsID_Expect_404NotFound(SideServiceTest.java:205)
]]></failure>
  </testcase>
  <testcase name="when_OnlyWhiteSpacesIsEnteredAsID_Expect_404NotFound" classname="requests.SideServiceTest" time="0.038">
    <failure message="1 expectation failed.&#10;Expected status code &lt;404&gt; but was &lt;200&gt;.&#10;" type="java.lang.AssertionError"><![CDATA[java.lang.AssertionError: 
1 expectation failed.
Expected status code <404> but was <200>.

	at requests.SideServiceTest.when_OnlyWhiteSpacesIsEnteredAsID_Expect_404NotFound(SideServiceTest.java:184)
]]></failure>
  </testcase>
  <testcase name="when_OnlyWhiteSpacesIsEnteredAsSide_Expect_SideNameNotSupportedException" classname="requests.SideServiceTest" time="0.06">
    <failure message="Cannot parse object because no JSON deserializer found in classpath. Please put either Jackson (Databind) or Gson in the classpath." type="java.lang.IllegalStateException">java.lang.IllegalStateException: Cannot parse object because no JSON deserializer found in classpath. Please put either Jackson (Databind) or Gson in the classpath.
	at requests.SideServiceTest.when_OnlyWhiteSpacesIsEnteredAsSide_Expect_SideNameNotSupportedException(SideServiceTest.java:123)
</failure>
  </testcase>
  <testcase name="when_SameSideRequestsAreMadeWithSameID_Expect_UpdatedData" classname="requests.SideServiceTest" time="0.061">
    <failure message="Cannot parse object because no JSON deserializer found in classpath. Please put either Jackson (Databind) or Gson in the classpath." type="java.lang.IllegalStateException">java.lang.IllegalStateException: Cannot parse object because no JSON deserializer found in classpath. Please put either Jackson (Databind) or Gson in the classpath.
	at requests.SideServiceTest.when_SameSideRequestsAreMadeWithSameID_Expect_UpdatedData(SideServiceTest.java:465)
</failure>
  </testcase>
  <testcase name="when_SideRequestContentTypeIsHTML_Expect_415UnsupportedMediaType" classname="requests.SideServiceTest" time="0.001"/>
  <testcase name="when_SideRequestContentTypeIsText_Expect_415UnsupportedMediaType" classname="requests.SideServiceTest" time="0.032"/>
  <testcase name="when_SideRequestContentTypeIsXml_Expect_415UnsupportedMediaType" classname="requests.SideServiceTest" time="0.03"/>
  <testcase name="when_SideRequestHasNoContentType_Expect_415UnsupportedMediaType" classname="requests.SideServiceTest" time="0.015"/>
  <testcase name="when_SideRequestMethodIsPUT_Expect_405MethodNotAllowed" classname="requests.SideServiceTest" time="0.016"/>
  <testcase name="when_UpIsEnteredAsSide_Expect_SideNameNotSupportedException" classname="requests.SideServiceTest" time="0">
    <failure message="Cannot parse object because no JSON deserializer found in classpath. Please put either Jackson (Databind) or Gson in the classpath." type="java.lang.IllegalStateException">java.lang.IllegalStateException: Cannot parse object because no JSON deserializer found in classpath. Please put either Jackson (Databind) or Gson in the classpath.
	at requests.SideServiceTest.when_UpIsEnteredAsSide_Expect_SideNameNotSupportedException(SideServiceTest.java:95)
</failure>
  </testcase>
  <testcase name="when_ValidLeftSideRequestIsMade_Expect_AcceptedLeftSideBase64Data" classname="requests.SideServiceTest" time="0.031">
    <failure message="Cannot parse object because no JSON deserializer found in classpath. Please put either Jackson (Databind) or Gson in the classpath." type="java.lang.IllegalStateException">java.lang.IllegalStateException: Cannot parse object because no JSON deserializer found in classpath. Please put either Jackson (Databind) or Gson in the classpath.
	at requests.SideServiceTest.when_ValidLeftSideRequestIsMade_Expect_AcceptedLeftSideBase64Data(SideServiceTest.java:406)
</failure>
  </testcase>
  <testcase name="when_ValidRightSideRequestIsMade_Expect_AcceptedRightSideBase64Data" classname="requests.SideServiceTest" time="0.022">
    <failure message="Cannot parse object because no JSON deserializer found in classpath. Please put either Jackson (Databind) or Gson in the classpath." type="java.lang.IllegalStateException">java.lang.IllegalStateException: Cannot parse object because no JSON deserializer found in classpath. Please put either Jackson (Databind) or Gson in the classpath.
	at requests.SideServiceTest.when_ValidRightSideRequestIsMade_Expect_AcceptedRightSideBase64Data(SideServiceTest.java:420)
</failure>
  </testcase>
  <testcase name="when_DiffRequestIsDelete_Expect_405MethodNotAllowed" classname="requests.DifferServiceTest" time="0.116"/>
  <testcase name="when_EqualSidesAreDiffed_Expect_Equal" classname="requests.DifferServiceTest" time="0.107">
    <failure message="Cannot parse content to class responseModels.EqualDiffSuccessResponse because no content-type was present in the response and no default parser has been set.&#10;You can specify a default parser using e.g.:&#10;RestAssured.defaultParser = Parser.JSON;&#10;&#10;or you can specify an explicit ObjectMapper using as(class responseModels.EqualDiffSuccessResponse, &lt;ObjectMapper&gt;);" type="java.lang.IllegalStateException"><![CDATA[java.lang.IllegalStateException: 
Cannot parse content to class responseModels.EqualDiffSuccessResponse because no content-type was present in the response and no default parser has been set.
You can specify a default parser using e.g.:
RestAssured.defaultParser = Parser.JSON;

or you can specify an explicit ObjectMapper using as(class responseModels.EqualDiffSuccessResponse, <ObjectMapper>);
	at requests.DifferServiceTest.when_EqualSidesAreDiffed_Expect_Equal(DifferServiceTest.java:66)
]]></failure>
    <system-out><![CDATA[HTTP/1.1 200 OK
Content-Type: application/json
Content-Length: 16

{
    "type": "EQUAL"
}
]]></system-out>
  </testcase>
  <testcase name="when_IDThatIsNotInitializedIsDiffed_Expect_IDNotInitialized" classname="requests.DifferServiceTest" time="0.038">
    <failure message="Cannot parse object because no JSON deserializer found in classpath. Please put either Jackson (Databind) or Gson in the classpath." type="java.lang.IllegalStateException">java.lang.IllegalStateException: Cannot parse object because no JSON deserializer found in classpath. Please put either Jackson (Databind) or Gson in the classpath.
	at requests.DifferServiceTest.when_IDThatIsNotInitializedIsDiffed_Expect_IDNotInitialized(DifferServiceTest.java:147)
</failure>
  </testcase>
  <testcase name="when_SidesAreDiffedAndLeftSideIsNull_Expect_DifferentLengthAndLeftHasNoValue" classname="requests.DifferServiceTest" time="0.083">
    <failure message="Cannot parse object because no JSON deserializer found in classpath. Please put either Jackson (Databind) or Gson in the classpath." type="java.lang.IllegalStateException">java.lang.IllegalStateException: Cannot parse object because no JSON deserializer found in classpath. Please put either Jackson (Databind) or Gson in the classpath.
	at requests.DifferServiceTest.when_SidesAreDiffedAndLeftSideIsNull_Expect_DifferentLengthAndLeftHasNoValue(DifferServiceTest.java:82)
</failure>
    <system-out><![CDATA[HTTP/1.1 200 OK
Content-Type: application/json
Content-Length: 67

{
    "detail": "Left side contains no value.",
    "type": "DIFFERENT_LENGTH"
}
]]></system-out>
  </testcase>
  <testcase name="when_SidesAreDiffedAndRightSideIsNull_Expect_DifferentLengthAndRightHasNoValue" classname="requests.DifferServiceTest" time="0.048">
    <failure message="1 expectation failed.&#10;Expected status code &lt;200&gt; but was &lt;204&gt;.&#10;" type="java.lang.AssertionError"><![CDATA[java.lang.AssertionError: 
1 expectation failed.
Expected status code <200> but was <204>.

	at requests.DifferServiceTest.when_SidesAreDiffedAndRightSideIsNull_Expect_DifferentLengthAndRightHasNoValue(DifferServiceTest.java:97)
]]></failure>
  </testcase>
  <testcase name="when_SidesOfDifferentLengthsAreDiffed_Expect_DifferentLength" classname="requests.DifferServiceTest" time="0.15">
    <failure message="Cannot parse object because no JSON deserializer found in classpath. Please put either Jackson (Databind) or Gson in the classpath." type="java.lang.IllegalStateException">java.lang.IllegalStateException: Cannot parse object because no JSON deserializer found in classpath. Please put either Jackson (Databind) or Gson in the classpath.
	at requests.DifferServiceTest.when_SidesOfDifferentLengthsAreDiffed_Expect_DifferentLength(DifferServiceTest.java:123)
</failure>
    <system-out><![CDATA[HTTP/1.1 200 OK
Content-Type: application/json
Content-Length: 27

{
    "type": "DIFFERENT_LENGTH"
}
]]></system-out>
  </testcase>
  <testcase name="when_SidesOfSameLengthButDifferentCharactersAreDiffed_Expect_PositionOfDifferentCharacters" classname="requests.DifferServiceTest" time="0.092">
    <failure message="Cannot parse object because no JSON deserializer found in classpath. Please put either Jackson (Databind) or Gson in the classpath." type="java.lang.IllegalStateException">java.lang.IllegalStateException: Cannot parse object because no JSON deserializer found in classpath. Please put either Jackson (Databind) or Gson in the classpath.
	at requests.DifferServiceTest.when_SidesOfSameLengthButDifferentCharactersAreDiffed_Expect_PositionOfDifferentCharacters(DifferServiceTest.java:169)
</failure>
    <system-out><![CDATA[HTTP/1.1 200 OK
Content-Type: application/json
Content-Length: 80

{
    "detail": "Values are different on char(s) [11] [75].",
    "type": "DIFFERENT_CHARS"
}
]]></system-out>
  </testcase>
  <testcase name="when_SidesOfSameLengthButDifferentSuccessiveCharactersAreDiffed_Expect_RangedPositionOfDifferentCharacters" classname="requests.DifferServiceTest" time="0.184">
    <failure message="Cannot parse object because no JSON deserializer found in classpath. Please put either Jackson (Databind) or Gson in the classpath." type="java.lang.IllegalStateException">java.lang.IllegalStateException: Cannot parse object because no JSON deserializer found in classpath. Please put either Jackson (Databind) or Gson in the classpath.
	at requests.DifferServiceTest.when_SidesOfSameLengthButDifferentSuccessiveCharactersAreDiffed_Expect_RangedPositionOfDifferentCharacters(DifferServiceTest.java:191)
</failure>
    <system-out><![CDATA[HTTP/1.1 200 OK
Content-Type: application/json
Content-Length: 83

{
    "detail": "Values are different on char(s) [0-5] [7-11].",
    "type": "DIFFERENT_CHARS"
}
]]></system-out>
  </testcase>
</testsuite>