<?xml version="1.0" encoding="UTF-8"?>
<testsuite xmlns:xsi="http://www.w3.org/2001/XMLSchema-instance" xsi:noNamespaceSchemaLocation="https://maven.apache.org/surefire/maven-surefire-plugin/xsd/surefire-test-report.xsd" name="TestSuite" time="1.583" tests="38" errors="0" skipped="37" failures="1">
  <properties>
    <property name="sun.desktop" value="windows"/>
    <property name="awt.toolkit" value="sun.awt.windows.WToolkit"/>
    <property name="file.encoding.pkg" value="sun.io"/>
    <property name="java.specification.version" value="1.8"/>
    <property name="sun.cpu.isalist" value="amd64"/>
    <property name="sun.jnu.encoding" value="Cp1252"/>
    <property name="java.class.path" value="C:\Users\aotulana\repos\differ-regression-assignment\target\test-classes;C:\Users\aotulana\repos\differ-regression-assignment\target\classes;C:\Users\aotulana\.m2\repository\io\rest-assured\rest-assured\3.1.0\rest-assured-3.1.0.jar;C:\Users\aotulana\.m2\repository\org\codehaus\groovy\groovy\2.4.12\groovy-2.4.12.jar;C:\Users\aotulana\.m2\repository\org\codehaus\groovy\groovy-xml\2.4.12\groovy-xml-2.4.12.jar;C:\Users\aotulana\.m2\repository\org\apache\httpcomponents\httpclient\4.5.3\httpclient-4.5.3.jar;C:\Users\aotulana\.m2\repository\org\apache\httpcomponents\httpcore\4.4.6\httpcore-4.4.6.jar;C:\Users\aotulana\.m2\repository\commons-logging\commons-logging\1.2\commons-logging-1.2.jar;C:\Users\aotulana\.m2\repository\commons-codec\commons-codec\1.9\commons-codec-1.9.jar;C:\Users\aotulana\.m2\repository\org\apache\httpcomponents\httpmime\4.5.1\httpmime-4.5.1.jar;C:\Users\aotulana\.m2\repository\org\hamcrest\hamcrest-core\1.3\hamcrest-core-1.3.jar;C:\Users\aotulana\.m2\repository\org\hamcrest\hamcrest-library\1.3\hamcrest-library-1.3.jar;C:\Users\aotulana\.m2\repository\org\ccil\cowan\tagsoup\tagsoup\1.2.1\tagsoup-1.2.1.jar;C:\Users\aotulana\.m2\repository\io\rest-assured\json-path\3.1.0\json-path-3.1.0.jar;C:\Users\aotulana\.m2\repository\org\codehaus\groovy\groovy-json\2.4.12\groovy-json-2.4.12.jar;C:\Users\aotulana\.m2\repository\io\rest-assured\rest-assured-common\3.1.0\rest-assured-common-3.1.0.jar;C:\Users\aotulana\.m2\repository\io\rest-assured\xml-path\3.1.0\xml-path-3.1.0.jar;C:\Users\aotulana\.m2\repository\org\apache\commons\commons-lang3\3.4\commons-lang3-3.4.jar;C:\Users\aotulana\.m2\repository\javax\xml\bind\jaxb-api\2.2.12\jaxb-api-2.2.12.jar;C:\Users\aotulana\.m2\repository\org\testng\testng\6.14.3\testng-6.14.3.jar;C:\Users\aotulana\.m2\repository\com\beust\jcommander\1.72\jcommander-1.72.jar;C:\Users\aotulana\.m2\repository\org\apache-extras\beanshell\bsh\2.0b6\bsh-2.0b6.jar;C:\Users\aotulana\.m2\repository\com\aventstack\extentreports\3.1.5\extentreports-3.1.5.jar;C:\Users\aotulana\.m2\repository\org\freemarker\freemarker\2.3.23\freemarker-2.3.23.jar;C:\Users\aotulana\.m2\repository\org\mongodb\mongodb-driver\3.3.0\mongodb-driver-3.3.0.jar;C:\Users\aotulana\.m2\repository\org\mongodb\bson\3.3.0\bson-3.3.0.jar;C:\Users\aotulana\.m2\repository\org\mongodb\mongodb-driver-core\3.3.0\mongodb-driver-core-3.3.0.jar;C:\Users\aotulana\.m2\repository\org\jsoup\jsoup\1.9.2\jsoup-1.9.2.jar;C:\Users\aotulana\.m2\repository\com\google\code\gson\gson\2.8.0\gson-2.8.0.jar;C:\Users\aotulana\.m2\repository\com\relevantcodes\extentreports\2.41.2\extentreports-2.41.2.jar;C:\Users\aotulana\.m2\repository\org\xerial\sqlite-jdbc\3.8.11.1\sqlite-jdbc-3.8.11.1.jar;C:\Users\aotulana\.m2\repository\org\apache\maven\surefire\surefire-testng-utils\2.22.0\surefire-testng-utils-2.22.0.jar;C:\Users\aotulana\.m2\repository\org\apache\maven\surefire\surefire-grouper\2.22.0\surefire-grouper-2.22.0.jar;"/>
    <property name="java.vm.vendor" value="Oracle Corporation"/>
    <property name="sun.arch.data.model" value="64"/>
    <property name="user.variant" value=""/>
    <property name="java.vendor.url" value="http://java.oracle.com/"/>
    <property name="user.timezone" value="Africa/Luanda"/>
    <property name="java.vm.specification.version" value="1.8"/>
    <property name="os.name" value="Windows 10"/>
    <property name="user.country" value="US"/>
    <property name="sun.java.launcher" value="SUN_STANDARD"/>
    <property name="sun.boot.library.path" value="C:\Program Files\Java\jdk1.8.0_192\jre\bin"/>
    <property name="sun.java.command" value="C:\Users\aotulana\AppData\Local\Temp\surefire2441689071974727796\surefirebooter7970207325409151307.jar C:\Users\aotulana\AppData\Local\Temp\surefire2441689071974727796 2018-11-26T18-56-18_326-jvmRun1 surefire4151905017193430101tmp surefire_03409976226533690067tmp"/>
    <property name="surefire.test.class.path" value="C:\Users\aotulana\repos\differ-regression-assignment\target\test-classes;C:\Users\aotulana\repos\differ-regression-assignment\target\classes;C:\Users\aotulana\.m2\repository\io\rest-assured\rest-assured\3.1.0\rest-assured-3.1.0.jar;C:\Users\aotulana\.m2\repository\org\codehaus\groovy\groovy\2.4.12\groovy-2.4.12.jar;C:\Users\aotulana\.m2\repository\org\codehaus\groovy\groovy-xml\2.4.12\groovy-xml-2.4.12.jar;C:\Users\aotulana\.m2\repository\org\apache\httpcomponents\httpclient\4.5.3\httpclient-4.5.3.jar;C:\Users\aotulana\.m2\repository\org\apache\httpcomponents\httpcore\4.4.6\httpcore-4.4.6.jar;C:\Users\aotulana\.m2\repository\commons-logging\commons-logging\1.2\commons-logging-1.2.jar;C:\Users\aotulana\.m2\repository\commons-codec\commons-codec\1.9\commons-codec-1.9.jar;C:\Users\aotulana\.m2\repository\org\apache\httpcomponents\httpmime\4.5.1\httpmime-4.5.1.jar;C:\Users\aotulana\.m2\repository\org\hamcrest\hamcrest-core\1.3\hamcrest-core-1.3.jar;C:\Users\aotulana\.m2\repository\org\hamcrest\hamcrest-library\1.3\hamcrest-library-1.3.jar;C:\Users\aotulana\.m2\repository\org\ccil\cowan\tagsoup\tagsoup\1.2.1\tagsoup-1.2.1.jar;C:\Users\aotulana\.m2\repository\io\rest-assured\json-path\3.1.0\json-path-3.1.0.jar;C:\Users\aotulana\.m2\repository\org\codehaus\groovy\groovy-json\2.4.12\groovy-json-2.4.12.jar;C:\Users\aotulana\.m2\repository\io\rest-assured\rest-assured-common\3.1.0\rest-assured-common-3.1.0.jar;C:\Users\aotulana\.m2\repository\io\rest-assured\xml-path\3.1.0\xml-path-3.1.0.jar;C:\Users\aotulana\.m2\repository\org\apache\commons\commons-lang3\3.4\commons-lang3-3.4.jar;C:\Users\aotulana\.m2\repository\javax\xml\bind\jaxb-api\2.2.12\jaxb-api-2.2.12.jar;C:\Users\aotulana\.m2\repository\org\testng\testng\6.14.3\testng-6.14.3.jar;C:\Users\aotulana\.m2\repository\com\beust\jcommander\1.72\jcommander-1.72.jar;C:\Users\aotulana\.m2\repository\org\apache-extras\beanshell\bsh\2.0b6\bsh-2.0b6.jar;C:\Users\aotulana\.m2\repository\com\aventstack\extentreports\3.1.5\extentreports-3.1.5.jar;C:\Users\aotulana\.m2\repository\org\freemarker\freemarker\2.3.23\freemarker-2.3.23.jar;C:\Users\aotulana\.m2\repository\org\mongodb\mongodb-driver\3.3.0\mongodb-driver-3.3.0.jar;C:\Users\aotulana\.m2\repository\org\mongodb\bson\3.3.0\bson-3.3.0.jar;C:\Users\aotulana\.m2\repository\org\mongodb\mongodb-driver-core\3.3.0\mongodb-driver-core-3.3.0.jar;C:\Users\aotulana\.m2\repository\org\jsoup\jsoup\1.9.2\jsoup-1.9.2.jar;C:\Users\aotulana\.m2\repository\com\google\code\gson\gson\2.8.0\gson-2.8.0.jar;C:\Users\aotulana\.m2\repository\com\relevantcodes\extentreports\2.41.2\extentreports-2.41.2.jar;C:\Users\aotulana\.m2\repository\org\xerial\sqlite-jdbc\3.8.11.1\sqlite-jdbc-3.8.11.1.jar;C:\Users\aotulana\.m2\repository\org\apache\maven\surefire\surefire-testng-utils\2.22.0\surefire-testng-utils-2.22.0.jar;C:\Users\aotulana\.m2\repository\org\apache\maven\surefire\surefire-grouper\2.22.0\surefire-grouper-2.22.0.jar;"/>
    <property name="sun.cpu.endian" value="little"/>
    <property name="user.home" value="C:\Users\aotulana"/>
    <property name="user.language" value="en"/>
    <property name="java.specification.vendor" value="Oracle Corporation"/>
    <property name="java.home" value="C:\Program Files\Java\jdk1.8.0_192\jre"/>
    <property name="basedir" value="C:\Users\aotulana\repos\differ-regression-assignment"/>
    <property name="file.separator" value="\"/>
    <property name="line.separator" value="&#10;"/>
    <property name="java.vm.specification.vendor" value="Oracle Corporation"/>
    <property name="java.specification.name" value="Java Platform API Specification"/>
    <property name="java.awt.graphicsenv" value="sun.awt.Win32GraphicsEnvironment"/>
    <property name="surefire.real.class.path" value="C:\Users\aotulana\AppData\Local\Temp\surefire2441689071974727796\surefirebooter7970207325409151307.jar"/>
    <property name="sun.boot.class.path" value="C:\Program Files\Java\jdk1.8.0_192\jre\lib\resources.jar;C:\Program Files\Java\jdk1.8.0_192\jre\lib\rt.jar;C:\Program Files\Java\jdk1.8.0_192\jre\lib\sunrsasign.jar;C:\Program Files\Java\jdk1.8.0_192\jre\lib\jsse.jar;C:\Program Files\Java\jdk1.8.0_192\jre\lib\jce.jar;C:\Program Files\Java\jdk1.8.0_192\jre\lib\charsets.jar;C:\Program Files\Java\jdk1.8.0_192\jre\lib\jfr.jar;C:\Program Files\Java\jdk1.8.0_192\jre\classes"/>
    <property name="user.script" value=""/>
    <property name="sun.management.compiler" value="HotSpot 64-Bit Tiered Compilers"/>
    <property name="java.runtime.version" value="1.8.0_192-b12"/>
    <property name="user.name" value="aotulana"/>
    <property name="path.separator" value=";"/>
    <property name="os.version" value="10.0"/>
    <property name="java.endorsed.dirs" value="C:\Program Files\Java\jdk1.8.0_192\jre\lib\endorsed"/>
    <property name="java.runtime.name" value="Java(TM) SE Runtime Environment"/>
    <property name="file.encoding" value="Cp1252"/>
    <property name="java.vm.name" value="Java HotSpot(TM) 64-Bit Server VM"/>
    <property name="localRepository" value="C:\Users\aotulana\.m2\repository"/>
    <property name="java.vendor.url.bug" value="http://bugreport.sun.com/bugreport/"/>
    <property name="java.io.tmpdir" value="C:\Users\aotulana\AppData\Local\Temp\"/>
    <property name="idea.version" value="2017.1.6"/>
    <property name="java.version" value="1.8.0_192"/>
    <property name="user.dir" value="C:\Users\aotulana\repos\differ-regression-assignment"/>
    <property name="os.arch" value="amd64"/>
    <property name="java.vm.specification.name" value="Java Virtual Machine Specification"/>
    <property name="java.awt.printerjob" value="sun.awt.windows.WPrinterJob"/>
    <property name="sun.os.patch.level" value=""/>
    <property name="java.library.path" value="C:\Program Files\Java\jdk1.8.0_192\jre\bin;C:\WINDOWS\Sun\Java\bin;C:\WINDOWS\system32;C:\WINDOWS;C:\Program Files (x86)\Common Files\Oracle\Java\javapath;C:\WINDOWS\system32;C:\WINDOWS;C:\WINDOWS\System32\Wbem;C:\WINDOWS\System32\WindowsPowerShell\v1.0\;C:\Program Files (x86)\Skype\Phone\;C:\WINDOWS\System32\OpenSSH\;C:\Program Files\Git\cmd;C:\Program Files\Java\jdk1.8.0_192\bin;C:\Users\aotulana\apache-maven-3.5.4\bin;C:\Program Files (x86)\Google\Chrome\Application;C:\Users\aotulana\AppData\Local\Microsoft\WindowsApps;;C:\Users\aotulana\AppData\Local\Programs\Microsoft VS Code\bin;."/>
    <property name="java.vm.info" value="mixed mode"/>
    <property name="java.vendor" value="Oracle Corporation"/>
    <property name="java.vm.version" value="25.192-b12"/>
    <property name="java.ext.dirs" value="C:\Program Files\Java\jdk1.8.0_192\jre\lib\ext;C:\WINDOWS\Sun\Java\lib\ext"/>
    <property name="sun.io.unicode.encoding" value="UnicodeLittle"/>
    <property name="java.class.version" value="52.0"/>
  </properties>
  <testcase name="setBaseURI" classname="requests.DifferServiceTest" time="0.759">
    <failure type="java.lang.NumberFormatException:">java.lang.NumberFormatException: null
	at requests.DifferServiceTest.setBaseURI(DifferServiceTest.java:31)
</failure>
  </testcase>
  <testcase name="setBaseURI" classname="requests.DifferServiceTest" time="0">
    <skipped/>
  </testcase>
  <testcase name="when_AlphabetOnlyIsEnteredAsID_Expect_415UnsupportedMediaType" classname="requests.SideServiceTest" time="0">
    <skipped/>
  </testcase>
  <testcase name="when_AlphanumericValueIsEnteredAsID_Expect_404NotFound" classname="requests.SideServiceTest" time="0">
    <skipped/>
  </testcase>
  <testcase name="when_BodyDataIsNotBase64Encoded_Expect_DataNotBase64Exception" classname="requests.SideServiceTest" time="0">
    <skipped/>
  </testcase>
  <testcase name="when_BodyIsNotPassedInSideRequest_Expect_400BadRequest" classname="requests.SideServiceTest" time="0">
    <skipped/>
  </testcase>
  <testcase name="when_EmptyStringIsEnteredAsID_Expect_404NotFound" classname="requests.SideServiceTest" time="0">
    <skipped/>
  </testcase>
  <testcase name="when_EmptyStringIsPassedAsBody_Expect_400BadRequest" classname="requests.SideServiceTest" time="0">
    <skipped/>
  </testcase>
  <testcase name="when_EmptyStringIsPassedAsSide_Expect_SideNameNotSupportedException" classname="requests.SideServiceTest" time="0">
    <skipped/>
  </testcase>
  <testcase name="when_LeftAndRightSideRequestsAreMadeWithSameID_Expect_AcceptedDataForLeftAndRight" classname="requests.SideServiceTest" time="0">
    <skipped/>
  </testcase>
  <testcase name="when_NegativeValueIsEnteredAsID_Expect_404NotFound" classname="requests.SideServiceTest" time="0">
    <skipped/>
  </testcase>
  <testcase name="when_OnlyWhiteSpacesIsEnteredAsID_Expect_404NotFound" classname="requests.SideServiceTest" time="0">
    <skipped/>
  </testcase>
  <testcase name="when_OnlyWhiteSpacesIsEnteredAsSide_Expect_SideNameNotSupportedException" classname="requests.SideServiceTest" time="0">
    <skipped/>
  </testcase>
  <testcase name="when_SameSideRequestsAreMadeWithSameID_Expect_UpdatedData" classname="requests.SideServiceTest" time="0">
    <skipped/>
  </testcase>
  <testcase name="when_SideRequestContentTypeIsHTML_Expect_415UnsupportedMediaType" classname="requests.SideServiceTest" time="0">
    <skipped/>
  </testcase>
  <testcase name="when_SideRequestContentTypeIsText_Expect_415UnsupportedMediaType" classname="requests.SideServiceTest" time="0">
    <skipped/>
  </testcase>
  <testcase name="when_SideRequestContentTypeIsXml_Expect_415UnsupportedMediaType" classname="requests.SideServiceTest" time="0">
    <skipped/>
  </testcase>
  <testcase name="when_SideRequestHasNoContentType_Expect_415UnsupportedMediaType" classname="requests.SideServiceTest" time="0">
    <skipped/>
  </testcase>
  <testcase name="when_SideRequestMethodIsPUT_Expect_405MethodNotAllowed" classname="requests.SideServiceTest" time="0">
    <skipped/>
  </testcase>
  <testcase name="when_UpIsEnteredAsSide_Expect_SideNameNotSupportedException" classname="requests.SideServiceTest" time="0">
    <skipped/>
  </testcase>
  <testcase name="when_ValidLeftSideRequestIsMade_Expect_AcceptedLeftSideBase64Data" classname="requests.SideServiceTest" time="0">
    <skipped/>
  </testcase>
  <testcase name="when_ValidRightSideRequestIsMade_Expect_AcceptedRightSideBase64Data" classname="requests.SideServiceTest" time="0">
    <skipped/>
  </testcase>
  <testcase name="uniqueIDForEachMethod" classname="requests.DifferServiceTest" time="0">
    <skipped/>
  </testcase>
  <testcase name="uniqueIDForEachMethod" classname="requests.DifferServiceTest" time="0">
    <skipped/>
  </testcase>
  <testcase name="uniqueIDForEachMethod" classname="requests.DifferServiceTest" time="0">
    <skipped/>
  </testcase>
  <testcase name="uniqueIDForEachMethod" classname="requests.DifferServiceTest" time="0">
    <skipped/>
  </testcase>
  <testcase name="uniqueIDForEachMethod" classname="requests.DifferServiceTest" time="0">
    <skipped/>
  </testcase>
  <testcase name="uniqueIDForEachMethod" classname="requests.DifferServiceTest" time="0">
    <skipped/>
  </testcase>
  <testcase name="uniqueIDForEachMethod" classname="requests.DifferServiceTest" time="0">
    <skipped/>
  </testcase>
  <testcase name="uniqueIDForEachMethod" classname="requests.DifferServiceTest" time="0">
    <skipped/>
  </testcase>
  <testcase name="when_DiffRequestIsDelete_Expect_405MethodNotAllowed" classname="requests.DifferServiceTest" time="0">
    <skipped/>
  </testcase>
  <testcase name="when_EqualSidesAreDiffed_Expect_Equal" classname="requests.DifferServiceTest" time="0">
    <skipped/>
  </testcase>
  <testcase name="when_IDThatIsNotInitializedIsDiffed_Expect_IDNotInitialized" classname="requests.DifferServiceTest" time="0">
    <skipped/>
  </testcase>
  <testcase name="when_SidesAreDiffedAndLeftSideIsNull_Expect_DifferentLengthAndLeftHasNoValue" classname="requests.DifferServiceTest" time="0">
    <skipped/>
  </testcase>
  <testcase name="when_SidesAreDiffedAndRightSideIsNull_Expect_DifferentLengthAndRightHasNoValue" classname="requests.DifferServiceTest" time="0">
    <skipped/>
  </testcase>
  <testcase name="when_SidesOfDifferentLengthsAreDiffed_Expect_DifferentLength" classname="requests.DifferServiceTest" time="0">
    <skipped/>
  </testcase>
  <testcase name="when_SidesOfSameLengthButDifferentCharactersAreDiffed_Expect_PositionOfDifferentCharacters" classname="requests.DifferServiceTest" time="0">
    <skipped/>
  </testcase>
  <testcase name="when_SidesOfSameLengthButDifferentSuccessiveCharactersAreDiffed_Expect_RangedPositionOfDifferentCharacters" classname="requests.DifferServiceTest" time="0">
    <skipped/>
  </testcase>
</testsuite>