<?xml version="1.0" encoding="UTF-8"?>
<!-- Generated by org.testng.reporters.JUnitReportReporter -->
<testsuite skipped="8" hostname="aotulana-pc" name="requests.DifferServiceTest" tests="9" failures="0" timestamp="26 Nov 2018 17:56:20 GMT" time="0.322" errors="1">
  <testcase name="when_SidesOfSameLengthButDifferentCharactersAreDiffed_Expect_PositionOfDifferentCharacters" time="0.000" classname="requests.DifferServiceTest">
    <skipped/>
  </testcase> <!-- when_SidesOfSameLengthButDifferentCharactersAreDiffed_Expect_PositionOfDifferentCharacters -->
  <testcase name="when_SidesAreDiffedAndRightSideIsNull_Expect_DifferentLengthAndRightHasNoValue" time="0.000" classname="requests.DifferServiceTest">
    <skipped/>
  </testcase> <!-- when_SidesAreDiffedAndRightSideIsNull_Expect_DifferentLengthAndRightHasNoValue -->
  <testcase name="when_SidesOfSameLengthButDifferentSuccessiveCharactersAreDiffed_Expect_RangedPositionOfDifferentCharacters" time="0.000" classname="requests.DifferServiceTest">
    <skipped/>
  </testcase> <!-- when_SidesOfSameLengthButDifferentSuccessiveCharactersAreDiffed_Expect_RangedPositionOfDifferentCharacters -->
  <testcase name="when_SidesAreDiffedAndLeftSideIsNull_Expect_DifferentLengthAndLeftHasNoValue" time="0.000" classname="requests.DifferServiceTest">
    <skipped/>
  </testcase> <!-- when_SidesAreDiffedAndLeftSideIsNull_Expect_DifferentLengthAndLeftHasNoValue -->
  <testcase name="setBaseURI" time="0.322" classname="requests.DifferServiceTest">
    <error type="java.lang.NumberFormatException" message="null">
      <![CDATA[java.lang.NumberFormatException: null
at java.lang.Integer.parseInt(Integer.java:542)
at java.lang.Integer.valueOf(Integer.java:766)
at hook.TestBase.initializeBaseURI(TestBase.java:35)
at requests.DifferServiceTest.setBaseURI(DifferServiceTest.java:31)
at sun.reflect.NativeMethodAccessorImpl.invoke0(Native Method)
at sun.reflect.NativeMethodAccessorImpl.invoke(NativeMethodAccessorImpl.java:62)
at sun.reflect.DelegatingMethodAccessorImpl.invoke(DelegatingMethodAccessorImpl.java:43)
at java.lang.reflect.Method.invoke(Method.java:498)
at org.testng.internal.MethodInvocationHelper.invokeMethod(MethodInvocationHelper.java:124)
at org.testng.internal.MethodInvocationHelper.invokeMethodConsideringTimeout(MethodInvocationHelper.java:59)
at org.testng.internal.Invoker.invokeConfigurationMethod(Invoker.java:458)
at org.testng.internal.Invoker.invokeConfigurations(Invoker.java:222)
at org.testng.internal.Invoker.invokeConfigurations(Invoker.java:142)
at org.testng.TestRunner.beforeRun(TestRunner.java:529)
at org.testng.TestRunner.run(TestRunner.java:497)
at org.testng.SuiteRunner.runTest(SuiteRunner.java:455)
at org.testng.SuiteRunner.runSequentially(SuiteRunner.java:450)
at org.testng.SuiteRunner.privateRun(SuiteRunner.java:415)
at org.testng.SuiteRunner.run(SuiteRunner.java:364)
at org.testng.SuiteRunnerWorker.runSuite(SuiteRunnerWorker.java:52)
at org.testng.SuiteRunnerWorker.run(SuiteRunnerWorker.java:84)
at org.testng.TestNG.runSuitesSequentially(TestNG.java:1208)
at org.testng.TestNG.runSuitesLocally(TestNG.java:1137)
at org.testng.TestNG.runSuites(TestNG.java:1049)
at org.testng.TestNG.run(TestNG.java:1017)
at org.apache.maven.surefire.testng.TestNGExecutor.run(TestNGExecutor.java:283)
at org.apache.maven.surefire.testng.TestNGXmlTestSuite.execute(TestNGXmlTestSuite.java:75)
at org.apache.maven.surefire.testng.TestNGProvider.invoke(TestNGProvider.java:120)
at org.apache.maven.surefire.booter.ForkedBooter.invokeProviderInSameClassLoader(ForkedBooter.java:383)
at org.apache.maven.surefire.booter.ForkedBooter.runSuitesInProcess(ForkedBooter.java:344)
at org.apache.maven.surefire.booter.ForkedBooter.execute(ForkedBooter.java:125)
at org.apache.maven.surefire.booter.ForkedBooter.main(ForkedBooter.java:417)
]]>
    </error>
  </testcase> <!-- setBaseURI -->
  <testcase name="when_EqualSidesAreDiffed_Expect_Equal" time="0.000" classname="requests.DifferServiceTest">
    <skipped/>
  </testcase> <!-- when_EqualSidesAreDiffed_Expect_Equal -->
  <testcase name="when_DiffRequestIsDelete_Expect_405MethodNotAllowed" time="0.000" classname="requests.DifferServiceTest">
    <skipped/>
  </testcase> <!-- when_DiffRequestIsDelete_Expect_405MethodNotAllowed -->
  <testcase name="when_IDThatIsNotInitializedIsDiffed_Expect_IDNotInitialized" time="0.000" classname="requests.DifferServiceTest">
    <skipped/>
  </testcase> <!-- when_IDThatIsNotInitializedIsDiffed_Expect_IDNotInitialized -->
  <testcase name="when_SidesOfDifferentLengthsAreDiffed_Expect_DifferentLength" time="0.000" classname="requests.DifferServiceTest">
    <skipped/>
  </testcase> <!-- when_SidesOfDifferentLengthsAreDiffed_Expect_DifferentLength -->
</testsuite> <!-- requests.DifferServiceTest -->
