<?xml version="1.0" encoding="UTF-8"?>
<!-- Generated by org.testng.reporters.JUnitReportReporter -->
<testsuite skipped="0" hostname="Adebowale-PC" name="requests.DifferServiceTest" tests="7" failures="0" timestamp="17 Jan 2020 15:37:30 GMT" time="0.257" errors="0">
  <testcase name="when_DiffRequestIsDelete_Expect_405MethodNotAllowed" time="0.043" classname="requests.DifferServiceTest"/>
  <testcase name="when_SidesOfDifferentLengthsAreDiffed_Expect_DifferentLength" time="0.035" classname="requests.DifferServiceTest"/>
  <testcase name="when_IDThatIsNotInitializedIsDiffed_Expect_IDNotInitialized" time="0.016" classname="requests.DifferServiceTest"/>
  <testcase name="when_EqualSidesAreDiffed_Expect_Equal" time="0.064" classname="requests.DifferServiceTest"/>
  <testcase name="when_SidesAreDiffedAndLeftSideIsNull_Expect_DifferentLengthAndLeftHasNoValue" time="0.025" classname="requests.DifferServiceTest"/>
  <testcase name="when_SidesOfSameLengthButDifferentCharactersAreDiffed_Expect_PositionOfDifferentCharacters" time="0.036" classname="requests.DifferServiceTest"/>
  <testcase name="when_SidesOfSameLengthButDifferentSuccessiveCharactersAreDiffed_Expect_RangedPositionOfDifferentCharacters" time="0.038" classname="requests.DifferServiceTest"/>
</testsuite> <!-- requests.DifferServiceTest -->
