<?xml version="1.0" encoding="UTF-8"?>
<!-- Generated by org.testng.reporters.JUnitReportReporter -->
<testsuite skipped="0" hostname="aotulana-pc" name="requests.SetSideValueTest" tests="13" failures="0" timestamp="12 Nov 2018 19:13:24 GMT" time="1.592" errors="0">
  <testcase name="testPutMethodShouldReturnMethodNotAllowed" time="0.014" classname="requests.SetSideValueTest"/>
  <testcase name="testUndefinedSideShouldReturnSideNameNotSupportedException" time="0.023" classname="requests.SetSideValueTest"/>
  <testcase name="testLeftandRideSidesShouldReturnAcceptedDataForBothSides" time="0.044" classname="requests.SetSideValueTest"/>
  <testcase name="testTextContentTypeShouldReturnUnsupportedMediaType" time="0.010" classname="requests.SetSideValueTest"/>
  <testcase name="testNonBase64DataShouldReturnDataNotBase64Exception" time="0.027" classname="requests.SetSideValueTest"/>
  <testcase name="testEmptyBodyShouldReturnBadRequest" time="1.342" classname="requests.SetSideValueTest"/>
  <testcase name="testNonIntegerIDShouldReturnMethodNotAllowed" time="0.020" classname="requests.SetSideValueTest"/>
  <testcase name="testHtmlContentTypeShouldReturnUnsupportedMediaType" time="0.017" classname="requests.SetSideValueTest"/>
  <testcase name="testRightSideShouldReturnAcceptedRightSideBase64Data" time="0.021" classname="requests.SetSideValueTest"/>
  <testcase name="testLeftSideShouldReturnAcceptedLeftSideBase64Data" time="0.027" classname="requests.SetSideValueTest"/>
  <testcase name="testNoContentTypeShouldReturnUnsupportedMediaType" time="0.013" classname="requests.SetSideValueTest"/>
  <testcase name="testXmlContentTypeShouldReturnUnsupportedMediaType" time="0.014" classname="requests.SetSideValueTest"/>
  <testcase name="testEmptyStringSideShouldReturnSideNameNotSupportedException" time="0.020" classname="requests.SetSideValueTest"/>
</testsuite> <!-- requests.SetSideValueTest -->
