<?xml version="1.0" encoding="UTF-8"?>
<!-- Generated by org.testng.reporters.JUnitReportReporter -->
<testsuite skipped="0" hostname="aotulana-pc" name="requests.SetSideValueTest" tests="12" failures="0" timestamp="12 Nov 2018 15:43:09 GMT" time="1.550" errors="0">
  <testcase name="testEmptyStringSideShouldReturnSideNameNotSupportedException" time="0.955" classname="requests.SetSideValueTest"/>
  <testcase name="testUndefinedSideShouldReturnSideNameNotSupportedException" time="0.025" classname="requests.SetSideValueTest"/>
  <testcase name="testXmlContentTypeShouldReturnUnsupportedMediaType" time="0.015" classname="requests.SetSideValueTest"/>
  <testcase name="testNoContentTypeShouldReturnUnsupportedMediaType" time="0.016" classname="requests.SetSideValueTest"/>
  <testcase name="testLeftSideShouldReturnAcceptedLeftSideBase64Data" time="0.369" classname="requests.SetSideValueTest"/>
  <testcase name="testNonIntegerIDShouldReturnMethodNotAllowed" time="0.033" classname="requests.SetSideValueTest"/>
  <testcase name="testLeftandRideSidesShouldReturnAcceptedDataForBothSides" time="0.044" classname="requests.SetSideValueTest"/>
  <testcase name="testHtmlContentTypeShouldReturnUnsupportedMediaType" time="0.015" classname="requests.SetSideValueTest"/>
  <testcase name="testNonBase64DataShouldReturnDataNotBase64Exception" time="0.037" classname="requests.SetSideValueTest"/>
  <testcase name="testRightSideShouldReturnAcceptedRightSideBase64Data" time="0.018" classname="requests.SetSideValueTest"/>
  <testcase name="testTextContentTypeShouldReturnUnsupportedMediaType" time="0.010" classname="requests.SetSideValueTest"/>
  <testcase name="testPutMethodShouldReturnMethodNotAllowed" time="0.013" classname="requests.SetSideValueTest"/>
</testsuite> <!-- requests.SetSideValueTest -->
