<?xml version="1.0" encoding="UTF-8"?>
<!-- Generated by org.testng.reporters.JUnitReportReporter -->
<testsuite skipped="20" hostname="aotulana-pc" name="requests.SideServiceTest" tests="20" failures="0" timestamp="26 Nov 2018 17:56:20 GMT" time="0.000" errors="0">
  <testcase name="when_NegativeValueIsEnteredAsID_Expect_404NotFound" time="0.000" classname="requests.SideServiceTest">
    <skipped/>
  </testcase> <!-- when_NegativeValueIsEnteredAsID_Expect_404NotFound -->
  <testcase name="when_SideRequestContentTypeIsText_Expect_415UnsupportedMediaType" time="0.000" classname="requests.SideServiceTest">
    <skipped/>
  </testcase> <!-- when_SideRequestContentTypeIsText_Expect_415UnsupportedMediaType -->
  <testcase name="when_LeftAndRightSideRequestsAreMadeWithSameID_Expect_AcceptedDataForLeftAndRight" time="0.000" classname="requests.SideServiceTest">
    <skipped/>
  </testcase> <!-- when_LeftAndRightSideRequestsAreMadeWithSameID_Expect_AcceptedDataForLeftAndRight -->
  <testcase name="when_SameSideRequestsAreMadeWithSameID_Expect_UpdatedData" time="0.000" classname="requests.SideServiceTest">
    <skipped/>
  </testcase> <!-- when_SameSideRequestsAreMadeWithSameID_Expect_UpdatedData -->
  <testcase name="when_SideRequestContentTypeIsHTML_Expect_415UnsupportedMediaType" time="0.000" classname="requests.SideServiceTest">
    <skipped/>
  </testcase> <!-- when_SideRequestContentTypeIsHTML_Expect_415UnsupportedMediaType -->
  <testcase name="when_ValidLeftSideRequestIsMade_Expect_AcceptedLeftSideBase64Data" time="0.000" classname="requests.SideServiceTest">
    <skipped/>
  </testcase> <!-- when_ValidLeftSideRequestIsMade_Expect_AcceptedLeftSideBase64Data -->
  <testcase name="when_AlphanumericValueIsEnteredAsID_Expect_404NotFound" time="0.000" classname="requests.SideServiceTest">
    <skipped/>
  </testcase> <!-- when_AlphanumericValueIsEnteredAsID_Expect_404NotFound -->
  <testcase name="when_EmptyStringIsPassedAsSide_Expect_SideNameNotSupportedException" time="0.000" classname="requests.SideServiceTest">
    <skipped/>
  </testcase> <!-- when_EmptyStringIsPassedAsSide_Expect_SideNameNotSupportedException -->
  <testcase name="when_SideRequestMethodIsPUT_Expect_405MethodNotAllowed" time="0.000" classname="requests.SideServiceTest">
    <skipped/>
  </testcase> <!-- when_SideRequestMethodIsPUT_Expect_405MethodNotAllowed -->
  <testcase name="when_OnlyWhiteSpacesIsEnteredAsSide_Expect_SideNameNotSupportedException" time="0.000" classname="requests.SideServiceTest">
    <skipped/>
  </testcase> <!-- when_OnlyWhiteSpacesIsEnteredAsSide_Expect_SideNameNotSupportedException -->
  <testcase name="when_BodyIsNotPassedInSideRequest_Expect_400BadRequest" time="0.000" classname="requests.SideServiceTest">
    <skipped/>
  </testcase> <!-- when_BodyIsNotPassedInSideRequest_Expect_400BadRequest -->
  <testcase name="when_ValidRightSideRequestIsMade_Expect_AcceptedRightSideBase64Data" time="0.000" classname="requests.SideServiceTest">
    <skipped/>
  </testcase> <!-- when_ValidRightSideRequestIsMade_Expect_AcceptedRightSideBase64Data -->
  <testcase name="when_UpIsEnteredAsSide_Expect_SideNameNotSupportedException" time="0.000" classname="requests.SideServiceTest">
    <skipped/>
  </testcase> <!-- when_UpIsEnteredAsSide_Expect_SideNameNotSupportedException -->
  <testcase name="when_BodyDataIsNotBase64Encoded_Expect_DataNotBase64Exception" time="0.000" classname="requests.SideServiceTest">
    <skipped/>
  </testcase> <!-- when_BodyDataIsNotBase64Encoded_Expect_DataNotBase64Exception -->
  <testcase name="when_SideRequestContentTypeIsXml_Expect_415UnsupportedMediaType" time="0.000" classname="requests.SideServiceTest">
    <skipped/>
  </testcase> <!-- when_SideRequestContentTypeIsXml_Expect_415UnsupportedMediaType -->
  <testcase name="when_EmptyStringIsPassedAsBody_Expect_400BadRequest" time="0.000" classname="requests.SideServiceTest">
    <skipped/>
  </testcase> <!-- when_EmptyStringIsPassedAsBody_Expect_400BadRequest -->
  <testcase name="when_EmptyStringIsEnteredAsID_Expect_404NotFound" time="0.000" classname="requests.SideServiceTest">
    <skipped/>
  </testcase> <!-- when_EmptyStringIsEnteredAsID_Expect_404NotFound -->
  <testcase name="when_AlphabetOnlyIsEnteredAsID_Expect_415UnsupportedMediaType" time="0.000" classname="requests.SideServiceTest">
    <skipped/>
  </testcase> <!-- when_AlphabetOnlyIsEnteredAsID_Expect_415UnsupportedMediaType -->
  <testcase name="when_OnlyWhiteSpacesIsEnteredAsID_Expect_404NotFound" time="0.000" classname="requests.SideServiceTest">
    <skipped/>
  </testcase> <!-- when_OnlyWhiteSpacesIsEnteredAsID_Expect_404NotFound -->
  <testcase name="when_SideRequestHasNoContentType_Expect_415UnsupportedMediaType" time="0.000" classname="requests.SideServiceTest">
    <skipped/>
  </testcase> <!-- when_SideRequestHasNoContentType_Expect_415UnsupportedMediaType -->
</testsuite> <!-- requests.SideServiceTest -->
